<?xml version="1.0" encoding="UTF-8"?>
<!-- Generated by org.testng.reporters.JUnitXMLReporter -->
<testsuite ignored="1" hostname="LAPTOP-1O88FB98" failures="0" tests="2" name="ClassTest" time="0.059" errors="0" timestamp="2022-08-08T19:08:20 IST">
  <testcase classname="Practice.Sample1" name="createContact" time="0.008"/>
  <testcase classname="Practice.Sample2" name="modifyContact" time="0.002"/>
  <testcase classname="Practice.Sample1" name="deleteContact" time="0.0">
    <ignored/>
  </testcase> <!-- deleteContact -->
</testsuite> <!-- ClassTest -->
